<?xml version="1.0" encoding="UTF-8"?>
<!-- Generated by org.testng.reporters.JUnitReportReporter -->
<testsuite hostname="LAPTOP-0NIE95VN" failures="0" tests="1" name="tests.TransactionTest" time="6.513" errors="0" timestamp="2025-09-08T17:33:20 IST" skipped="0">
  <testcase classname="tests.TransactionTest" name="checkTransactionHistory" time="6.513"/>
</testsuite> <!-- tests.TransactionTest -->
