<?xml version="1.0" encoding="UTF-8"?>
<!-- Generated by org.testng.reporters.JUnitReportReporter -->
<testsuite hostname="LAPTOP-0NIE95VN" failures="0" tests="4" name="tests.LoanTest" time="19.945" errors="0" timestamp="2025-09-08T17:33:20 IST" skipped="0">
  <testcase classname="tests.LoanTest" name="emiCalculation" time="3.515"/>
  <testcase classname="tests.LoanTest" name="loanWithoutAccountSelection" time="4.575"/>
  <testcase classname="tests.LoanTest" name="loanWithInvalidAmount" time="6.895"/>
  <testcase classname="tests.LoanTest" name="loanWithZeroDownPayment" time="4.960"/>
</testsuite> <!-- tests.LoanTest -->
